<?xml version="1.0" encoding="utf-8"?><testsuites name="pytest tests"><testsuite name="pytest" errors="0" failures="0" skipped="0" tests="13" time="3.052" timestamp="2026-06-05T17:40:52.436769+00:00" hostname="agent-env-775dbe0a-65db-4e0a-a6c6-139aa0d4cc70"><testcase classname="tests.test_iter92_8_community_and_video_archive.TestCommunityMeStats" name="test_me_stats_shape" time="0.847" /><testcase classname="tests.test_iter92_8_community_and_video_archive.TestCommunityFeedFilters" name="test_feed_all_default" time="0.127" /><testcase classname="tests.test_iter92_8_community_and_video_archive.TestCommunityFeedFilters" name="test_feed_top_sorted_by_likes" time="0.124" /><testcase classname="tests.test_iter92_8_community_and_video_archive.TestCommunityFeedFilters" name="test_feed_mine_only_own_posts" time="0.121" /><testcase classname="tests.test_iter92_8_community_and_video_archive.TestCommunityFeedFilters" name="test_feed_liked_only_liked_posts" time="0.118" /><testcase classname="tests.test_iter92_8_community_and_video_archive.TestCommunityFeedFilters" name="test_feed_category_win_regression" time="0.142" /><testcase classname="tests.test_iter92_8_community_and_video_archive.TestCommunityCreatePost" name="test_create_post_succeeds" time="0.160" /><testcase classname="tests.test_iter92_8_community_and_video_archive.TestCommunityCreatePost" name="test_cleanup_created_post" time="0.109" /><testcase classname="tests.test_iter92_8_community_and_video_archive.TestVideoArchiveRenameDelete" name="test_get_video_archive_returns_list" time="0.130" /><testcase classname="tests.test_iter92_8_community_and_video_archive.TestVideoArchiveRenameDelete" name="test_patch_rename_round_trip" time="0.507" /><testcase classname="tests.test_iter92_8_community_and_video_archive.TestVideoArchiveRenameDelete" name="test_patch_empty_title_returns_400" time="0.319" /><testcase classname="tests.test_iter92_8_community_and_video_archive.TestVideoArchiveRenameDelete" name="test_patch_unknown_entry_returns_404" time="0.157" /><testcase classname="tests.test_iter92_8_community_and_video_archive.TestVideoArchiveRenameDelete" name="test_delete_unknown_entry_returns_404" time="0.113" /></testsuite></testsuites>