<?xml version="1.0" encoding="utf-8"?><testsuites name="pytest tests"><testsuite name="pytest" errors="0" failures="0" skipped="0" tests="14" time="38.731" timestamp="2026-06-05T19:05:28.234574+00:00" hostname="agent-env-775dbe0a-65db-4e0a-a6c6-139aa0d4cc70"><testcase classname="tests.test_iter92_23_9_folder_briefing_share" name="test_01_briefing_owned_with_items" time="4.733" /><testcase classname="tests.test_iter92_23_9_folder_briefing_share" name="test_02_briefing_owned_empty" time="2.238" /><testcase classname="tests.test_iter92_23_9_folder_briefing_share" name="test_03_briefing_foreign_404" time="0.279" /><testcase classname="tests.test_iter92_23_9_folder_briefing_share" name="test_04_briefing_nonexistent_404" time="0.114" /><testcase classname="tests.test_iter92_23_9_folder_briefing_share" name="test_05_share_idempotent" time="0.275" /><testcase classname="tests.test_iter92_23_9_folder_briefing_share" name="test_06_share_foreign_404" time="0.125" /><testcase classname="tests.test_iter92_23_9_folder_briefing_share" name="test_07_public_get_shared_no_auth_and_views" time="0.405" /><testcase classname="tests.test_iter92_23_9_folder_briefing_share" name="test_08_public_get_nonexistent_404" time="0.136" /><testcase classname="tests.test_iter92_23_9_folder_briefing_share" name="test_09_public_items_pii_light" time="0.278" /><testcase classname="tests.test_iter92_23_9_folder_briefing_share" name="test_10_unshare_then_public_get_404" time="0.502" /><testcase classname="tests.test_iter92_23_9_folder_briefing_share" name="test_11_chat_folder_context_with_items" time="15.227" /><testcase classname="tests.test_iter92_23_9_folder_briefing_share" name="test_12_chat_folder_context_empty_folder" time="13.418" /><testcase classname="tests.test_iter92_23_9_folder_briefing_share" name="test_13_regression_list_folders" time="0.184" /><testcase classname="tests.test_iter92_23_9_folder_briefing_share" name="test_14_regression_chat_sessions_folder_filter" time="0.766" /></testsuite></testsuites>