<?xml version="1.0" encoding="utf-8"?><testsuites name="pytest tests"><testsuite name="pytest" errors="0" failures="0" skipped="0" tests="10" time="55.712" timestamp="2026-06-05T18:36:12.954922+00:00" hostname="agent-env-775dbe0a-65db-4e0a-a6c6-139aa0d4cc70"><testcase classname="backend.tests.test_iter92_23_8_chat_folder_context" name="test_01_create_session_with_owned_folder_creates_folder_item" time="0.986" /><testcase classname="backend.tests.test_iter92_23_8_chat_folder_context" name="test_02_create_session_with_foreign_folder_silently_ignored" time="0.788" /><testcase classname="backend.tests.test_iter92_23_8_chat_folder_context" name="test_03_chat_with_owned_folder_injects_context" time="17.892" /><testcase classname="backend.tests.test_iter92_23_8_chat_folder_context" name="test_04_chat_multi_turn_still_injects_context" time="18.769" /><testcase classname="backend.tests.test_iter92_23_8_chat_folder_context" name="test_05_chat_without_folder_id_no_injection" time="7.489" /><testcase classname="backend.tests.test_iter92_23_8_chat_folder_context" name="test_06_chat_with_foreign_folder_id_no_leak" time="8.276" /><testcase classname="backend.tests.test_iter92_23_8_chat_folder_context" name="test_07_list_sessions_filtered_by_owned_folder" time="0.148" /><testcase classname="backend.tests.test_iter92_23_8_chat_folder_context" name="test_08_list_sessions_unfiltered_includes_owned_and_others" time="0.154" /><testcase classname="backend.tests.test_iter92_23_8_chat_folder_context" name="test_09_list_sessions_filter_nonexistent_folder_returns_empty" time="0.105" /><testcase classname="backend.tests.test_iter92_23_8_chat_folder_context" name="test_10_regression_folder_crud_still_works" time="1.034" /></testsuite></testsuites>