<?xml version="1.0" encoding="utf-8"?><testsuites name="pytest tests"><testsuite name="pytest" errors="0" failures="0" skipped="0" tests="17" time="64.653" timestamp="2026-06-05T18:14:00.771864+00:00" hostname="agent-env-775dbe0a-65db-4e0a-a6c6-139aa0d4cc70"><testcase classname="tests.test_iter92_23_7_folders" name="test_01_list_folders_returns_list" time="1.271" /><testcase classname="tests.test_iter92_23_7_folders" name="test_02_create_folder" time="0.254" /><testcase classname="tests.test_iter92_23_7_folders" name="test_03_create_empty_name_400" time="0.109" /><testcase classname="tests.test_iter92_23_7_folders" name="test_04_create_long_name_handling" time="0.127" /><testcase classname="tests.test_iter92_23_7_folders" name="test_05_list_newest_first" time="0.727" /><testcase classname="tests.test_iter92_23_7_folders" name="test_06_patch_updates_fields" time="1.052" /><testcase classname="tests.test_iter92_23_7_folders" name="test_07_patch_empty_name_400" time="0.364" /><testcase classname="tests.test_iter92_23_7_folders" name="test_08_patch_unknown_404" time="0.116" /><testcase classname="tests.test_iter92_23_7_folders" name="test_09_delete_removes" time="0.470" /><testcase classname="tests.test_iter92_23_7_folders" name="test_10_link_video_mission_stamps_folder_id" time="0.772" /><testcase classname="tests.test_iter92_23_7_folders" name="test_11_link_idempotent" time="0.580" /><testcase classname="tests.test_iter92_23_7_folders" name="test_12_items_newest_first" time="0.607" /><testcase classname="tests.test_iter92_23_7_folders" name="test_13_delete_item_unsets_folder_id" time="21.856" /><testcase classname="tests.test_iter92_23_7_folders" name="test_14_delete_folder_cascade" time="14.148" /><testcase classname="tests.test_iter92_23_7_folders" name="test_15_ownership_no_info_leak" time="1.129" /><testcase classname="tests.test_iter92_23_7_folders" name="test_16_regression_community_me_stats" time="0.128" /><testcase classname="tests.test_iter92_23_7_folders" name="test_17_regression_video_archive_patch_delete" time="20.860" /></testsuite></testsuites>