<?xml version="1.0" encoding="utf-8"?><testsuites name="pytest tests"><testsuite name="pytest" errors="0" failures="0" skipped="0" tests="41" time="160.713" timestamp="2026-06-05T19:43:10.408890+00:00" hostname="agent-env-775dbe0a-65db-4e0a-a6c6-139aa0d4cc70"><testcase classname="tests.test_iter92_23_7_folders" name="test_01_list_folders_returns_list" time="1.073" /><testcase classname="tests.test_iter92_23_7_folders" name="test_02_create_folder" time="0.230" /><testcase classname="tests.test_iter92_23_7_folders" name="test_03_create_empty_name_400" time="0.159" /><testcase classname="tests.test_iter92_23_7_folders" name="test_04_create_long_name_handling" time="0.301" /><testcase classname="tests.test_iter92_23_7_folders" name="test_05_list_newest_first" time="0.700" /><testcase classname="tests.test_iter92_23_7_folders" name="test_06_patch_updates_fields" time="0.851" /><testcase classname="tests.test_iter92_23_7_folders" name="test_07_patch_empty_name_400" time="0.400" /><testcase classname="tests.test_iter92_23_7_folders" name="test_08_patch_unknown_404" time="0.115" /><testcase classname="tests.test_iter92_23_7_folders" name="test_09_delete_removes" time="0.457" /><testcase classname="tests.test_iter92_23_7_folders" name="test_10_link_video_mission_stamps_folder_id" time="0.744" /><testcase classname="tests.test_iter92_23_7_folders" name="test_11_link_idempotent" time="0.632" /><testcase classname="tests.test_iter92_23_7_folders" name="test_12_items_newest_first" time="0.619" /><testcase classname="tests.test_iter92_23_7_folders" name="test_13_delete_item_unsets_folder_id" time="0.853" /><testcase classname="tests.test_iter92_23_7_folders" name="test_14_delete_folder_cascade" time="0.722" /><testcase classname="tests.test_iter92_23_7_folders" name="test_15_ownership_no_info_leak" time="1.042" /><testcase classname="tests.test_iter92_23_7_folders" name="test_16_regression_community_me_stats" time="0.120" /><testcase classname="tests.test_iter92_23_7_folders" name="test_17_regression_video_archive_patch_delete" time="0.843" /><testcase classname="tests.test_iter92_23_8_chat_folder_context" name="test_01_create_session_with_owned_folder_creates_folder_item" time="0.934" /><testcase classname="tests.test_iter92_23_8_chat_folder_context" name="test_02_create_session_with_foreign_folder_silently_ignored" time="0.756" /><testcase classname="tests.test_iter92_23_8_chat_folder_context" name="test_03_chat_with_owned_folder_injects_context" time="18.846" /><testcase classname="tests.test_iter92_23_8_chat_folder_context" name="test_04_chat_multi_turn_still_injects_context" time="14.959" /><testcase classname="tests.test_iter92_23_8_chat_folder_context" name="test_05_chat_without_folder_id_no_injection" time="7.947" /><testcase classname="tests.test_iter92_23_8_chat_folder_context" name="test_06_chat_with_foreign_folder_id_no_leak" time="8.990" /><testcase classname="tests.test_iter92_23_8_chat_folder_context" name="test_07_list_sessions_filtered_by_owned_folder" time="0.207" /><testcase classname="tests.test_iter92_23_8_chat_folder_context" name="test_08_list_sessions_unfiltered_includes_owned_and_others" time="0.126" /><testcase classname="tests.test_iter92_23_8_chat_folder_context" name="test_09_list_sessions_filter_nonexistent_folder_returns_empty" time="0.114" /><testcase classname="tests.test_iter92_23_8_chat_folder_context" name="test_10_regression_folder_crud_still_works" time="1.067" /><testcase classname="tests.test_iter92_23_9_folder_briefing_share" name="test_01_briefing_owned_with_items" time="3.977" /><testcase classname="tests.test_iter92_23_9_folder_briefing_share" name="test_02_briefing_owned_empty" time="57.801" /><testcase classname="tests.test_iter92_23_9_folder_briefing_share" name="test_03_briefing_foreign_404" time="0.362" /><testcase classname="tests.test_iter92_23_9_folder_briefing_share" name="test_04_briefing_nonexistent_404" time="0.109" /><testcase classname="tests.test_iter92_23_9_folder_briefing_share" name="test_05_share_idempotent" time="0.241" /><testcase classname="tests.test_iter92_23_9_folder_briefing_share" name="test_06_share_foreign_404" time="0.116" /><testcase classname="tests.test_iter92_23_9_folder_briefing_share" name="test_07_public_get_shared_no_auth_and_views" time="0.375" /><testcase classname="tests.test_iter92_23_9_folder_briefing_share" name="test_08_public_get_nonexistent_404" time="0.109" /><testcase classname="tests.test_iter92_23_9_folder_briefing_share" name="test_09_public_items_pii_light" time="0.244" /><testcase classname="tests.test_iter92_23_9_folder_briefing_share" name="test_10_unshare_then_public_get_404" time="0.454" /><testcase classname="tests.test_iter92_23_9_folder_briefing_share" name="test_11_chat_folder_context_with_items" time="20.825" /><testcase classname="tests.test_iter92_23_9_folder_briefing_share" name="test_12_chat_folder_context_empty_folder" time="11.270" /><testcase classname="tests.test_iter92_23_9_folder_briefing_share" name="test_13_regression_list_folders" time="0.195" /><testcase classname="tests.test_iter92_23_9_folder_briefing_share" name="test_14_regression_chat_sessions_folder_filter" time="0.754" /></testsuite></testsuites>